<?xml version="1.0" encoding="UTF-8"?>
<!-- Generated by org.testng.reporters.JUnitReportReporter -->
<testsuite skipped="0" hostname="dilantha-new" name="getRequest.ValidateAcceptanceCriteria" tests="1" failures="0" timestamp="06 Oct 2018 13:55:35 GMT" time="0.010" errors="0">
  <testcase name="verifyResponsecode" time="0.010" classname="getRequest.ValidateAcceptanceCriteria"/>
</testsuite> <!-- getRequest.ValidateAcceptanceCriteria -->
