<?xml version="1.0" encoding="UTF-8"?>
<!-- Generated by org.testng.reporters.JUnitReportReporter -->
<testsuite skipped="0" hostname="dilantha-new" name="getRequest.ValidateAcceptanceCriteria" tests="4" failures="0" timestamp="05 Oct 2018 11:01:31 GMT" time="0.644" errors="0">
  <testcase name="verifyResponsecode" time="0.010" classname="getRequest.ValidateAcceptanceCriteria"/>
  <testcase name="findName" time="0.562" classname="getRequest.ValidateAcceptanceCriteria"/>
  <testcase name="findCanRelist" time="0.030" classname="getRequest.ValidateAcceptanceCriteria"/>
  <testcase name="findDescInGallryItem" time="0.042" classname="getRequest.ValidateAcceptanceCriteria"/>
</testsuite> <!-- getRequest.ValidateAcceptanceCriteria -->
